Using pre-set license

 COMMAND LINE ARGUMENTS:
/Applications/Unity/Unity.app/Contents/MacOS/Unity
-adb2
-batchMode
-noUpm
-name
AssetImportWorker0
-projectPath
/Users/abdulsamadshahid/Documents/WRP/Samad313_RepoForCI/CI-Setup-Project/LostTwins2
-logFile
Logs/AssetImportWorker0.log
-srvPort
56045
Successfully changed project path to: /Users/abdulsamadshahid/Documents/WRP/Samad313_RepoForCI/CI-Setup-Project/LostTwins2
/Users/abdulsamadshahid/Documents/WRP/Samad313_RepoForCI/CI-Setup-Project/LostTwins2
Using Asset Import Pipeline V2.
Refreshing native plugins compatible for Editor in 39.57 ms, found 2 plugins.
Preloading 0 native plugins for Editor in 0.00 ms.
Initialize engine version: 2020.3.13f1 (71691879b7f5)
[Subsystems] Discovering subsystems at path /Applications/Unity/Unity.app/Contents/Resources/UnitySubsystems
[Subsystems] Discovering subsystems at path /Users/abdulsamadshahid/Documents/WRP/Samad313_RepoForCI/CI-Setup-Project/LostTwins2/Assets
GfxDevice: creating device client; threaded=0
2021-09-24 15:05:04.455 Unity[5783:366061] HP E241i preferred device: AMD Radeon Pro 560 (high power)
2021-09-24 15:05:04.456 Unity[5783:366061] Metal devices available: 2
2021-09-24 15:05:04.456 Unity[5783:366061] 0: AMD Radeon Pro 560 (high power)
2021-09-24 15:05:04.456 Unity[5783:366061] 1: Intel(R) HD Graphics 630 (low power)
2021-09-24 15:05:04.456 Unity[5783:366061] Using device AMD Radeon Pro 560 (high power)
Initializing Metal device caps: AMD Radeon Pro 560
Invalid texture used for cursor - check importer settings or texture creation. Texture must be RGBA32, readable, have alphaIsTransparency enabled and have no mip chain.

Initialize mono
Mono path[0] = '/Applications/Unity/Unity.app/Contents/Managed'
Mono path[1] = '/Applications/Unity/Unity.app/Contents/MonoBleedingEdge/lib/mono/unityjit'
Mono config path = '/Applications/Unity/Unity.app/Contents/MonoBleedingEdge/etc'
Using monoOptions --debugger-agent=transport=dt_socket,embedding=1,server=y,suspend=n,address=127.0.0.1:56783
Begin MonoManager ReloadAssembly
Registering precompiled unity dll's ...
Register platform support module: /Applications/Unity/Unity.app/Contents/PlaybackEngines/MacStandaloneSupport/UnityEditor.OSXStandalone.Extensions.dll
Registered in 0.000614 seconds.
Native extension for OSXStandalone target not found
Refreshing native plugins compatible for Editor in 30.72 ms, found 2 plugins.
Preloading 0 native plugins for Editor in 0.00 ms.
Mono: successfully reloaded assembly
- Completed reload, in  2.292 seconds
Platform modules already initialized, skipping
Registering precompiled user dll's ...
Registered in 0.002244 seconds.
Begin MonoManager ReloadAssembly
Native extension for OSXStandalone target not found
Refreshing native plugins compatible for Editor in 0.31 ms, found 2 plugins.
Preloading 0 native plugins for Editor in 0.00 ms.
Mono: successfully reloaded assembly
- Completed reload, in  1.284 seconds
Platform modules already initialized, skipping
========================================================================
Worker process is ready to serve import requests
Launching external process: /Applications/Unity/Unity.app/Contents/Tools/UnityShaderCompiler
Launched and connected shader compiler UnityShaderCompiler after 0.01 seconds
Refreshing native plugins compatible for Editor in 0.34 ms, found 2 plugins.
Preloading 0 native plugins for Editor in 0.00 ms.
Unloading 1394 Unused Serialized files (Serialized files now loaded: 0)
System memory in use before: 134.2 MB.
System memory in use after: 134.3 MB.

Unloading 18 unused Assets to reduce memory usage. Loaded Objects now: 1827.
Total: 1.994047 ms (FindLiveObjects: 0.225245 ms CreateObjectMapping: 0.053295 ms MarkObjects: 1.646595 ms  DeleteObjects: 0.068124 ms)

AssetImportParameters requested are different than current active one (requested -> active):
  custom:video-decoder-ogg-theora: a1e56fd34408186e4bbccfd4996cb3dc -> 
  custom:container-muxer-webm: aa71ff27fc2769a1b78a27578f13a17b -> 
  custom:container-demuxer-webm: 4f35f7cbe854078d1ac9338744f61a02 -> 
  custom:container-demuxer-ogg: 62fdf1f143b41e24485cea50d1cbac27 -> 
  custom:video-encoder-webm-vp8: eb34c28f22e8b96e1ab97ce403110664 -> 
  custom:framework-osx-AVFoundation: e770b220cccbd017edd2c1fefb359320 -> 
  custom:video-decoder-webm-vp8: 9c59270c3fd7afecdb556c50c9e8de78 -> 
  custom:audio-decoder-ogg-vorbis: bf7c407c2cedff20999df2af8eb42d56 -> 
  custom:audio-encoder-webm-vorbis: bf7c407c2cedff20999df2af8eb42d56 -> 
========================================================================
Received Import Request.
  path: Assets/Editor/BuildPostProcessConstants.cs
  artifactKey: Guid(ce4015d2505664f51b4d6118d72c2247) Importer(815301076,1909f56bfc062723c751e8b465ee728b)
Start importing Assets/Editor/BuildPostProcessConstants.cs using Guid(ce4015d2505664f51b4d6118d72c2247) Importer(815301076,1909f56bfc062723c751e8b465ee728b)  -> (artifact id: 'a1f043afb04207bfe6178e249eba933f') in 0.434034 seconds 
  Import took 0.436387 seconds .

========================================================================
Received Import Request.
  Time since last request: 75.693524 seconds.
  path: Assets/Editor
  artifactKey: Guid(089ae948e9a8b4b80b5c842548350701) Importer(815301076,1909f56bfc062723c751e8b465ee728b)
Start importing Assets/Editor using Guid(089ae948e9a8b4b80b5c842548350701) Importer(815301076,1909f56bfc062723c751e8b465ee728b)  -> (artifact id: 'cfa54cb561b21a2714c991b42c9e1d72') in 0.007836 seconds 
  Import took 0.011037 seconds .

========================================================================
Received Import Request.
  Time since last request: 0.000782 seconds.
  path: Assets/Editor
  artifactKey: Guid(089ae948e9a8b4b80b5c842548350701) Importer(815301076,1909f56bfc062723c751e8b465ee728b)
Start importing Assets/Editor using Guid(089ae948e9a8b4b80b5c842548350701) Importer(815301076,1909f56bfc062723c751e8b465ee728b)  -> (artifact id: 'cfa54cb561b21a2714c991b42c9e1d72') in 0.001160 seconds 
  Import took 0.003935 seconds .

========================================================================
Received Import Request.
  Time since last request: 60.769732 seconds.
  path: Assets/Editor/VersioningMaintainer.cs
  artifactKey: Guid(23c6ba3912c71467abeb989f09af749a) Importer(815301076,1909f56bfc062723c751e8b465ee728b)
Start importing Assets/Editor/VersioningMaintainer.cs using Guid(23c6ba3912c71467abeb989f09af749a) Importer(815301076,1909f56bfc062723c751e8b465ee728b)  -> (artifact id: 'ad31260894f726a2c41c94c8c783ea25') in 0.006655 seconds 
  Import took 0.009881 seconds .

========================================================================
Received Prepare
Registering precompiled user dll's ...
Registered in 0.003883 seconds.
Begin MonoManager ReloadAssembly
Native extension for OSXStandalone target not found
Refreshing native plugins compatible for Editor in 0.33 ms, found 2 plugins.
Preloading 0 native plugins for Editor in 0.00 ms.
Mono: successfully reloaded assembly
- Completed reload, in  1.322 seconds
Platform modules already initialized, skipping
Switching build target platform(2) subTarget(0) extendedPlatform(0) -> platform(9) subTarget(16777218) extendedPlatform(0)
Refreshing native plugins compatible for Editor in 0.46 ms, found 2 plugins.
Preloading 0 native plugins for Editor in 0.00 ms.
Unloading 1392 Unused Serialized files (Serialized files now loaded: 0)
System memory in use before: 138.4 MB.
System memory in use after: 138.5 MB.

Unloading 13 unused Assets to reduce memory usage. Loaded Objects now: 1831.
Total: 2.146056 ms (FindLiveObjects: 0.179973 ms CreateObjectMapping: 0.048041 ms MarkObjects: 1.878848 ms  DeleteObjects: 0.038277 ms)

AssetImportParameters requested are different than current active one (requested -> active):
  custom:video-decoder-ogg-theora: a1e56fd34408186e4bbccfd4996cb3dc -> 
  custom:container-muxer-webm: aa71ff27fc2769a1b78a27578f13a17b -> 
  custom:container-demuxer-webm: 4f35f7cbe854078d1ac9338744f61a02 -> 
  custom:container-demuxer-ogg: 62fdf1f143b41e24485cea50d1cbac27 -> 
  custom:video-encoder-webm-vp8: eb34c28f22e8b96e1ab97ce403110664 -> 
  custom:framework-osx-AVFoundation: e770b220cccbd017edd2c1fefb359320 -> 
  custom:video-decoder-webm-vp8: 9c59270c3fd7afecdb556c50c9e8de78 -> 
  custom:graphics/normal-map-encoding: 01000000000000000000000000000000 -> 02000000000000000000000000000000
  custom:audio-decoder-ogg-vorbis: bf7c407c2cedff20999df2af8eb42d56 -> 
  custom:audio-encoder-webm-vorbis: bf7c407c2cedff20999df2af8eb42d56 -> 
========================================================================
Received Import Request.
  Time since last request: 261.503659 seconds.
  path: Assets/Editor/VersioningMaintainer.cs
  artifactKey: Guid(23c6ba3912c71467abeb989f09af749a) Importer(815301076,1909f56bfc062723c751e8b465ee728b)
Start importing Assets/Editor/VersioningMaintainer.cs using Guid(23c6ba3912c71467abeb989f09af749a) Importer(815301076,1909f56bfc062723c751e8b465ee728b)  -> (artifact id: '0c80079893f60e1b5dcb7608443d7d9c') in 0.007683 seconds 
  Import took 0.010576 seconds .

========================================================================
Received Import Request.
  Time since last request: 406.809598 seconds.
  path: Assets/Editor/VersioningMaintainer.cs
  artifactKey: Guid(23c6ba3912c71467abeb989f09af749a) Importer(815301076,1909f56bfc062723c751e8b465ee728b)
Start importing Assets/Editor/VersioningMaintainer.cs using Guid(23c6ba3912c71467abeb989f09af749a) Importer(815301076,1909f56bfc062723c751e8b465ee728b)  -> (artifact id: 'bab9ed6a190fd770915bc574da45a6a3') in 0.004799 seconds 
  Import took 0.007576 seconds .

========================================================================
Received Import Request.
  Time since last request: 0.041620 seconds.
  path: Assets/Editor/VersioningMaintainer.cs
  artifactKey: Guid(23c6ba3912c71467abeb989f09af749a) Importer(815301076,1909f56bfc062723c751e8b465ee728b)
Start importing Assets/Editor/VersioningMaintainer.cs using Guid(23c6ba3912c71467abeb989f09af749a) Importer(815301076,1909f56bfc062723c751e8b465ee728b)  -> (artifact id: 'bab9ed6a190fd770915bc574da45a6a3') in 0.004568 seconds 
  Import took 0.007307 seconds .

========================================================================
Received Prepare
Registering precompiled user dll's ...
Registered in 0.003400 seconds.
Begin MonoManager ReloadAssembly
Native extension for OSXStandalone target not found
Refreshing native plugins compatible for Editor in 0.36 ms, found 2 plugins.
Preloading 0 native plugins for Editor in 0.00 ms.
Mono: successfully reloaded assembly
- Completed reload, in  1.200 seconds
Platform modules already initialized, skipping
Switching build target platform(2) subTarget(0) extendedPlatform(0) -> platform(9) subTarget(16777218) extendedPlatform(0)
Refreshing native plugins compatible for Editor in 0.34 ms, found 2 plugins.
Preloading 0 native plugins for Editor in 0.00 ms.
Unloading 1392 Unused Serialized files (Serialized files now loaded: 0)
System memory in use before: 138.7 MB.
System memory in use after: 138.8 MB.

Unloading 13 unused Assets to reduce memory usage. Loaded Objects now: 1834.
Total: 2.384216 ms (FindLiveObjects: 0.280767 ms CreateObjectMapping: 0.059568 ms MarkObjects: 2.020882 ms  DeleteObjects: 0.021544 ms)

AssetImportParameters requested are different than current active one (requested -> active):
  custom:video-decoder-ogg-theora: a1e56fd34408186e4bbccfd4996cb3dc -> 
  custom:container-muxer-webm: aa71ff27fc2769a1b78a27578f13a17b -> 
  custom:container-demuxer-webm: 4f35f7cbe854078d1ac9338744f61a02 -> 
  custom:container-demuxer-ogg: 62fdf1f143b41e24485cea50d1cbac27 -> 
  custom:video-encoder-webm-vp8: eb34c28f22e8b96e1ab97ce403110664 -> 
  custom:framework-osx-AVFoundation: e770b220cccbd017edd2c1fefb359320 -> 
  custom:video-decoder-webm-vp8: 9c59270c3fd7afecdb556c50c9e8de78 -> 
  custom:graphics/normal-map-encoding: 01000000000000000000000000000000 -> 02000000000000000000000000000000
  custom:audio-decoder-ogg-vorbis: bf7c407c2cedff20999df2af8eb42d56 -> 
  custom:audio-encoder-webm-vorbis: bf7c407c2cedff20999df2af8eb42d56 -> 
========================================================================
Received Import Request.
  Time since last request: 4633.449131 seconds.
  path: Assets/Editor/VersioningMaintainer.cs
  artifactKey: Guid(23c6ba3912c71467abeb989f09af749a) Importer(815301076,1909f56bfc062723c751e8b465ee728b)
Start importing Assets/Editor/VersioningMaintainer.cs using Guid(23c6ba3912c71467abeb989f09af749a) Importer(815301076,1909f56bfc062723c751e8b465ee728b)  -> (artifact id: '17bc3aa9431279c193ecf7764ad5a63c') in 0.009431 seconds 
  Import took 0.013458 seconds .

========================================================================
Received Import Request.
  Time since last request: 360.216373 seconds.
  path: Assets/Editor/VersioningMaintainer.cs
  artifactKey: Guid(23c6ba3912c71467abeb989f09af749a) Importer(815301076,1909f56bfc062723c751e8b465ee728b)
Start importing Assets/Editor/VersioningMaintainer.cs using Guid(23c6ba3912c71467abeb989f09af749a) Importer(815301076,1909f56bfc062723c751e8b465ee728b)  -> (artifact id: 'cf1d0d7464548e3309c39c1a0bb3722f') in 0.005075 seconds 
  Import took 0.008720 seconds .

========================================================================
Received Import Request.
  Time since last request: 36.065153 seconds.
  path: Assets/Editor/VersioningMaintainer.cs
  artifactKey: Guid(23c6ba3912c71467abeb989f09af749a) Importer(815301076,1909f56bfc062723c751e8b465ee728b)
Start importing Assets/Editor/VersioningMaintainer.cs using Guid(23c6ba3912c71467abeb989f09af749a) Importer(815301076,1909f56bfc062723c751e8b465ee728b)  -> (artifact id: '774bb9197440412b329881dc510e822d') in 0.005886 seconds 
  Import took 0.008972 seconds .

========================================================================
Received Import Request.
  Time since last request: 150.423591 seconds.
  path: Assets/Editor/VersioningMaintainer.cs
  artifactKey: Guid(23c6ba3912c71467abeb989f09af749a) Importer(815301076,1909f56bfc062723c751e8b465ee728b)
Start importing Assets/Editor/VersioningMaintainer.cs using Guid(23c6ba3912c71467abeb989f09af749a) Importer(815301076,1909f56bfc062723c751e8b465ee728b)  -> (artifact id: '7040063a42df02b8ea4d1aa1b89057bb') in 0.010642 seconds 
  Import took 0.015389 seconds .

========================================================================
Received Import Request.
  Time since last request: 124.175079 seconds.
  path: Assets/Editor/VersioningMaintainer.cs
  artifactKey: Guid(23c6ba3912c71467abeb989f09af749a) Importer(815301076,1909f56bfc062723c751e8b465ee728b)
Start importing Assets/Editor/VersioningMaintainer.cs using Guid(23c6ba3912c71467abeb989f09af749a) Importer(815301076,1909f56bfc062723c751e8b465ee728b)  -> (artifact id: '8c2f597e9a909e32021ee80f89fcde31') in 0.010179 seconds 
  Import took 0.013272 seconds .

========================================================================
Received Import Request.
  Time since last request: 45.490869 seconds.
  path: Assets/Editor/VersioningMaintainer.cs
  artifactKey: Guid(23c6ba3912c71467abeb989f09af749a) Importer(815301076,1909f56bfc062723c751e8b465ee728b)
Start importing Assets/Editor/VersioningMaintainer.cs using Guid(23c6ba3912c71467abeb989f09af749a) Importer(815301076,1909f56bfc062723c751e8b465ee728b)  -> (artifact id: '220588de77b4ca85bd6fc8a099cdd594') in 0.007040 seconds 
  Import took 0.010819 seconds .

========================================================================
Received Import Request.
  Time since last request: 27.266820 seconds.
  path: Assets/Editor/VersioningMaintainer.cs
  artifactKey: Guid(23c6ba3912c71467abeb989f09af749a) Importer(815301076,1909f56bfc062723c751e8b465ee728b)
Start importing Assets/Editor/VersioningMaintainer.cs using Guid(23c6ba3912c71467abeb989f09af749a) Importer(815301076,1909f56bfc062723c751e8b465ee728b)  -> (artifact id: '078c9a5a4f962916f92ef249a9808f38') in 0.006403 seconds 
  Import took 0.010569 seconds .

========================================================================
Received Import Request.
  Time since last request: 442.029016 seconds.
  path: Assets/Editor/VersioningMaintainer.cs
  artifactKey: Guid(23c6ba3912c71467abeb989f09af749a) Importer(815301076,1909f56bfc062723c751e8b465ee728b)
Start importing Assets/Editor/VersioningMaintainer.cs using Guid(23c6ba3912c71467abeb989f09af749a) Importer(815301076,1909f56bfc062723c751e8b465ee728b)  -> (artifact id: '195d5bd0b2b9833cbf9b6337c791e591') in 0.005722 seconds 
  Import took 0.009517 seconds .

========================================================================
Received Prepare
Registering precompiled user dll's ...
Registered in 0.003559 seconds.
Begin MonoManager ReloadAssembly
Native extension for OSXStandalone target not found
Refreshing native plugins compatible for Editor in 0.32 ms, found 2 plugins.
Preloading 0 native plugins for Editor in 0.00 ms.
Mono: successfully reloaded assembly
- Completed reload, in  1.260 seconds
Platform modules already initialized, skipping
Switching build target platform(2) subTarget(0) extendedPlatform(0) -> platform(9) subTarget(16777218) extendedPlatform(0)
Refreshing native plugins compatible for Editor in 0.31 ms, found 2 plugins.
Preloading 0 native plugins for Editor in 0.00 ms.
Unloading 1392 Unused Serialized files (Serialized files now loaded: 0)
System memory in use before: 138.9 MB.
System memory in use after: 139.0 MB.

Unloading 13 unused Assets to reduce memory usage. Loaded Objects now: 1837.
Total: 2.714002 ms (FindLiveObjects: 0.160775 ms CreateObjectMapping: 0.044304 ms MarkObjects: 2.485238 ms  DeleteObjects: 0.022136 ms)

AssetImportParameters requested are different than current active one (requested -> active):
  custom:video-decoder-ogg-theora: a1e56fd34408186e4bbccfd4996cb3dc -> 
  custom:container-muxer-webm: aa71ff27fc2769a1b78a27578f13a17b -> 
  custom:container-demuxer-webm: 4f35f7cbe854078d1ac9338744f61a02 -> 
  custom:container-demuxer-ogg: 62fdf1f143b41e24485cea50d1cbac27 -> 
  custom:video-encoder-webm-vp8: eb34c28f22e8b96e1ab97ce403110664 -> 
  custom:framework-osx-AVFoundation: e770b220cccbd017edd2c1fefb359320 -> 
  custom:video-decoder-webm-vp8: 9c59270c3fd7afecdb556c50c9e8de78 -> 
  custom:graphics/normal-map-encoding: 01000000000000000000000000000000 -> 02000000000000000000000000000000
  custom:audio-decoder-ogg-vorbis: bf7c407c2cedff20999df2af8eb42d56 -> 
  custom:audio-encoder-webm-vorbis: bf7c407c2cedff20999df2af8eb42d56 -> 
========================================================================
Received Import Request.
  Time since last request: 114.393837 seconds.
  path: Assets
  artifactKey: Guid(00000000000000001000000000000000) Importer(815301076,1909f56bfc062723c751e8b465ee728b)
Start importing Assets using Guid(00000000000000001000000000000000) Importer(815301076,1909f56bfc062723c751e8b465ee728b)  -> (artifact id: '42d402b061de3733987d63b9cc3b64de') in 0.005347 seconds 
  Import took 0.008471 seconds .

========================================================================
Received Import Request.
  Time since last request: 0.000664 seconds.
  path: Assets
  artifactKey: Guid(00000000000000001000000000000000) Importer(815301076,1909f56bfc062723c751e8b465ee728b)
Start importing Assets using Guid(00000000000000001000000000000000) Importer(815301076,1909f56bfc062723c751e8b465ee728b)  -> (artifact id: '42d402b061de3733987d63b9cc3b64de') in 0.001123 seconds 
  Import took 0.003443 seconds .

========================================================================
Received Import Request.
  Time since last request: 11.493843 seconds.
  path: Assets/test.cs
  artifactKey: Guid(ec04339be73df483cb9474f76e891bfc) Importer(815301076,1909f56bfc062723c751e8b465ee728b)
Start importing Assets/test.cs using Guid(ec04339be73df483cb9474f76e891bfc) Importer(815301076,1909f56bfc062723c751e8b465ee728b)  -> (artifact id: '1ec231a554abc0fc40ea937a0a3df508') in 0.007777 seconds 
  Import took 0.011316 seconds .

========================================================================
Received Prepare
Registering precompiled user dll's ...
Registered in 0.003517 seconds.
Begin MonoManager ReloadAssembly
Native extension for OSXStandalone target not found
Refreshing native plugins compatible for Editor in 0.30 ms, found 2 plugins.
Preloading 0 native plugins for Editor in 0.00 ms.
Mono: successfully reloaded assembly
- Completed reload, in  1.302 seconds
Platform modules already initialized, skipping
Switching build target platform(2) subTarget(0) extendedPlatform(0) -> platform(9) subTarget(16777218) extendedPlatform(0)
Refreshing native plugins compatible for Editor in 0.31 ms, found 2 plugins.
Preloading 0 native plugins for Editor in 0.00 ms.
Unloading 1393 Unused Serialized files (Serialized files now loaded: 0)
System memory in use before: 139.1 MB.
System memory in use after: 139.2 MB.

Unloading 13 unused Assets to reduce memory usage. Loaded Objects now: 1841.
Total: 3.848595 ms (FindLiveObjects: 0.397136 ms CreateObjectMapping: 0.196055 ms MarkObjects: 3.223695 ms  DeleteObjects: 0.030364 ms)

AssetImportParameters requested are different than current active one (requested -> active):
  custom:video-decoder-ogg-theora: a1e56fd34408186e4bbccfd4996cb3dc -> 
  custom:container-muxer-webm: aa71ff27fc2769a1b78a27578f13a17b -> 
  custom:container-demuxer-webm: 4f35f7cbe854078d1ac9338744f61a02 -> 
  custom:container-demuxer-ogg: 62fdf1f143b41e24485cea50d1cbac27 -> 
  custom:video-encoder-webm-vp8: eb34c28f22e8b96e1ab97ce403110664 -> 
  custom:framework-osx-AVFoundation: e770b220cccbd017edd2c1fefb359320 -> 
  custom:video-decoder-webm-vp8: 9c59270c3fd7afecdb556c50c9e8de78 -> 
  custom:graphics/normal-map-encoding: 01000000000000000000000000000000 -> 02000000000000000000000000000000
  custom:audio-decoder-ogg-vorbis: bf7c407c2cedff20999df2af8eb42d56 -> 
  custom:audio-encoder-webm-vorbis: bf7c407c2cedff20999df2af8eb42d56 -> 
========================================================================
Received Prepare
Registering precompiled user dll's ...
Registered in 0.003409 seconds.
Begin MonoManager ReloadAssembly
Native extension for OSXStandalone target not found
Refreshing native plugins compatible for Editor in 0.31 ms, found 2 plugins.
Preloading 0 native plugins for Editor in 0.00 ms.
Mono: successfully reloaded assembly
- Completed reload, in  1.243 seconds
Platform modules already initialized, skipping
Switching build target platform(2) subTarget(0) extendedPlatform(0) -> platform(9) subTarget(16777218) extendedPlatform(0)
Refreshing native plugins compatible for Editor in 0.35 ms, found 2 plugins.
Preloading 0 native plugins for Editor in 0.00 ms.
Unloading 1393 Unused Serialized files (Serialized files now loaded: 0)
System memory in use before: 139.3 MB.
System memory in use after: 139.4 MB.

Unloading 13 unused Assets to reduce memory usage. Loaded Objects now: 1844.
Total: 1.974220 ms (FindLiveObjects: 0.219997 ms CreateObjectMapping: 0.073470 ms MarkObjects: 1.661959 ms  DeleteObjects: 0.017675 ms)

AssetImportParameters requested are different than current active one (requested -> active):
  custom:video-decoder-ogg-theora: a1e56fd34408186e4bbccfd4996cb3dc -> 
  custom:container-muxer-webm: aa71ff27fc2769a1b78a27578f13a17b -> 
  custom:container-demuxer-webm: 4f35f7cbe854078d1ac9338744f61a02 -> 
  custom:container-demuxer-ogg: 62fdf1f143b41e24485cea50d1cbac27 -> 
  custom:video-encoder-webm-vp8: eb34c28f22e8b96e1ab97ce403110664 -> 
  custom:framework-osx-AVFoundation: e770b220cccbd017edd2c1fefb359320 -> 
  custom:video-decoder-webm-vp8: 9c59270c3fd7afecdb556c50c9e8de78 -> 
  custom:graphics/normal-map-encoding: 01000000000000000000000000000000 -> 02000000000000000000000000000000
  custom:audio-decoder-ogg-vorbis: bf7c407c2cedff20999df2af8eb42d56 -> 
  custom:audio-encoder-webm-vorbis: bf7c407c2cedff20999df2af8eb42d56 -> 
========================================================================
Received Import Request.
  Time since last request: 154.800257 seconds.
  path: Assets/Editor/VersioningMaintainer.cs
  artifactKey: Guid(23c6ba3912c71467abeb989f09af749a) Importer(815301076,1909f56bfc062723c751e8b465ee728b)
Start importing Assets/Editor/VersioningMaintainer.cs using Guid(23c6ba3912c71467abeb989f09af749a) Importer(815301076,1909f56bfc062723c751e8b465ee728b)  -> (artifact id: 'b7e5c8e7af8868c562844e3ff8d83221') in 0.006984 seconds 
  Import took 0.009887 seconds .

========================================================================
Received Prepare
Registering precompiled user dll's ...
Registered in 0.004036 seconds.
Begin MonoManager ReloadAssembly
Native extension for OSXStandalone target not found
Refreshing native plugins compatible for Editor in 0.35 ms, found 2 plugins.
Preloading 0 native plugins for Editor in 0.00 ms.
Mono: successfully reloaded assembly
- Completed reload, in  1.276 seconds
Platform modules already initialized, skipping
Switching build target platform(2) subTarget(0) extendedPlatform(0) -> platform(9) subTarget(16777218) extendedPlatform(0)
Refreshing native plugins compatible for Editor in 0.36 ms, found 2 plugins.
Preloading 0 native plugins for Editor in 0.00 ms.
Unloading 1393 Unused Serialized files (Serialized files now loaded: 0)
System memory in use before: 139.5 MB.
System memory in use after: 139.6 MB.

Unloading 13 unused Assets to reduce memory usage. Loaded Objects now: 1847.
Total: 2.036314 ms (FindLiveObjects: 0.233882 ms CreateObjectMapping: 0.114333 ms MarkObjects: 1.670336 ms  DeleteObjects: 0.016661 ms)

AssetImportParameters requested are different than current active one (requested -> active):
  custom:video-decoder-ogg-theora: a1e56fd34408186e4bbccfd4996cb3dc -> 
  custom:container-muxer-webm: aa71ff27fc2769a1b78a27578f13a17b -> 
  custom:container-demuxer-webm: 4f35f7cbe854078d1ac9338744f61a02 -> 
  custom:container-demuxer-ogg: 62fdf1f143b41e24485cea50d1cbac27 -> 
  custom:video-encoder-webm-vp8: eb34c28f22e8b96e1ab97ce403110664 -> 
  custom:framework-osx-AVFoundation: e770b220cccbd017edd2c1fefb359320 -> 
  custom:video-decoder-webm-vp8: 9c59270c3fd7afecdb556c50c9e8de78 -> 
  custom:graphics/normal-map-encoding: 01000000000000000000000000000000 -> 02000000000000000000000000000000
  custom:audio-decoder-ogg-vorbis: bf7c407c2cedff20999df2af8eb42d56 -> 
  custom:audio-encoder-webm-vorbis: bf7c407c2cedff20999df2af8eb42d56 -> 
========================================================================
Received Import Request.
  Time since last request: 170.225173 seconds.
  path: Assets/test.cs
  artifactKey: Guid(ec04339be73df483cb9474f76e891bfc) Importer(815301076,1909f56bfc062723c751e8b465ee728b)
Start importing Assets/test.cs using Guid(ec04339be73df483cb9474f76e891bfc) Importer(815301076,1909f56bfc062723c751e8b465ee728b)  -> (artifact id: '2abece43007b53b75476a8c6efe75259') in 0.005765 seconds 
  Import took 0.008644 seconds .

========================================================================
Received Prepare
Registering precompiled user dll's ...
Registered in 0.001734 seconds.
Begin MonoManager ReloadAssembly
Native extension for OSXStandalone target not found
Refreshing native plugins compatible for Editor in 0.32 ms, found 2 plugins.
Preloading 0 native plugins for Editor in 0.00 ms.
Mono: successfully reloaded assembly
- Completed reload, in  1.274 seconds
Platform modules already initialized, skipping
Switching build target platform(2) subTarget(0) extendedPlatform(0) -> platform(9) subTarget(16777218) extendedPlatform(0)
Refreshing native plugins compatible for Editor in 0.32 ms, found 2 plugins.
Preloading 0 native plugins for Editor in 0.00 ms.
Unloading 1393 Unused Serialized files (Serialized files now loaded: 0)
System memory in use before: 139.6 MB.
System memory in use after: 139.7 MB.

Unloading 13 unused Assets to reduce memory usage. Loaded Objects now: 1850.
Total: 1.779901 ms (FindLiveObjects: 0.170334 ms CreateObjectMapping: 0.047372 ms MarkObjects: 1.546077 ms  DeleteObjects: 0.015255 ms)

AssetImportParameters requested are different than current active one (requested -> active):
  custom:video-decoder-ogg-theora: a1e56fd34408186e4bbccfd4996cb3dc -> 
  custom:container-muxer-webm: aa71ff27fc2769a1b78a27578f13a17b -> 
  custom:container-demuxer-webm: 4f35f7cbe854078d1ac9338744f61a02 -> 
  custom:container-demuxer-ogg: 62fdf1f143b41e24485cea50d1cbac27 -> 
  custom:video-encoder-webm-vp8: eb34c28f22e8b96e1ab97ce403110664 -> 
  custom:framework-osx-AVFoundation: e770b220cccbd017edd2c1fefb359320 -> 
  custom:video-decoder-webm-vp8: 9c59270c3fd7afecdb556c50c9e8de78 -> 
  custom:graphics/normal-map-encoding: 01000000000000000000000000000000 -> 02000000000000000000000000000000
  custom:audio-decoder-ogg-vorbis: bf7c407c2cedff20999df2af8eb42d56 -> 
  custom:audio-encoder-webm-vorbis: bf7c407c2cedff20999df2af8eb42d56 -> 
========================================================================
Received Import Request.
  Time since last request: 260.936066 seconds.
  path: Assets/Scenes
  artifactKey: Guid(8b73ef0704cb54922adf702b9b8ae0cd) Importer(815301076,1909f56bfc062723c751e8b465ee728b)
Start importing Assets/Scenes using Guid(8b73ef0704cb54922adf702b9b8ae0cd) Importer(815301076,1909f56bfc062723c751e8b465ee728b)  -> (artifact id: 'd6ad47b5a49bcfef609735cb8884e463') in 0.005849 seconds 
  Import took 0.009092 seconds .

========================================================================
Received Prepare
Registering precompiled user dll's ...
Registered in 0.003941 seconds.
Begin MonoManager ReloadAssembly
Native extension for OSXStandalone target not found
Refreshing native plugins compatible for Editor in 0.32 ms, found 2 plugins.
Preloading 0 native plugins for Editor in 0.00 ms.
Mono: successfully reloaded assembly
- Completed reload, in  1.241 seconds
Platform modules already initialized, skipping
Switching build target platform(2) subTarget(0) extendedPlatform(0) -> platform(9) subTarget(16777218) extendedPlatform(0)
Refreshing native plugins compatible for Editor in 0.31 ms, found 2 plugins.
Preloading 0 native plugins for Editor in 0.00 ms.
Unloading 1393 Unused Serialized files (Serialized files now loaded: 0)
System memory in use before: 139.8 MB.
System memory in use after: 139.9 MB.

Unloading 13 unused Assets to reduce memory usage. Loaded Objects now: 1853.
Total: 2.096641 ms (FindLiveObjects: 0.319363 ms CreateObjectMapping: 0.100152 ms MarkObjects: 1.659365 ms  DeleteObjects: 0.016732 ms)

AssetImportParameters requested are different than current active one (requested -> active):
  custom:video-decoder-ogg-theora: a1e56fd34408186e4bbccfd4996cb3dc -> 
  custom:container-muxer-webm: aa71ff27fc2769a1b78a27578f13a17b -> 
  custom:container-demuxer-webm: 4f35f7cbe854078d1ac9338744f61a02 -> 
  custom:container-demuxer-ogg: 62fdf1f143b41e24485cea50d1cbac27 -> 
  custom:video-encoder-webm-vp8: eb34c28f22e8b96e1ab97ce403110664 -> 
  custom:framework-osx-AVFoundation: e770b220cccbd017edd2c1fefb359320 -> 
  custom:video-decoder-webm-vp8: 9c59270c3fd7afecdb556c50c9e8de78 -> 
  custom:graphics/normal-map-encoding: 01000000000000000000000000000000 -> 02000000000000000000000000000000
  custom:audio-decoder-ogg-vorbis: bf7c407c2cedff20999df2af8eb42d56 -> 
  custom:audio-encoder-webm-vorbis: bf7c407c2cedff20999df2af8eb42d56 -> 
========================================================================
Received Import Request.
  Time since last request: 77.407262 seconds.
  path: Assets/Editor/test.cs
  artifactKey: Guid(ec04339be73df483cb9474f76e891bfc) Importer(815301076,1909f56bfc062723c751e8b465ee728b)
Start importing Assets/Editor/test.cs using Guid(ec04339be73df483cb9474f76e891bfc) Importer(815301076,1909f56bfc062723c751e8b465ee728b)  -> (artifact id: '68af43e257c493738f8ab5fab21b34fd') in 0.006609 seconds 
  Import took 0.009509 seconds .

AssetImportWorkerClient::OnTransportError - code=2 error=End of file
