Using pre-set license

 COMMAND LINE ARGUMENTS:
/Applications/Unity/Unity.app/Contents/MacOS/Unity
-adb2
-batchMode
-noUpm
-name
AssetImportWorker0
-projectPath
/Users/abdulsamadshahid/Documents/WRP/Samad313_RepoForCI/CI-Setup-Project
-logFile
Logs/AssetImportWorker0.log
-srvPort
51137
Successfully changed project path to: /Users/abdulsamadshahid/Documents/WRP/Samad313_RepoForCI/CI-Setup-Project
/Users/abdulsamadshahid/Documents/WRP/Samad313_RepoForCI/CI-Setup-Project
Using Asset Import Pipeline V2.
Refreshing native plugins compatible for Editor in 36.32 ms, found 2 plugins.
Preloading 0 native plugins for Editor in 0.00 ms.
Initialize engine version: 2020.3.13f1 (71691879b7f5)
[Subsystems] Discovering subsystems at path /Applications/Unity/Unity.app/Contents/Resources/UnitySubsystems
[Subsystems] Discovering subsystems at path /Users/abdulsamadshahid/Documents/WRP/Samad313_RepoForCI/CI-Setup-Project/Assets
GfxDevice: creating device client; threaded=0
2021-09-17 16:39:22.871 Unity[34989:2266580] HP E241i preferred device: AMD Radeon Pro 560 (high power)
2021-09-17 16:39:22.871 Unity[34989:2266580] Metal devices available: 2
2021-09-17 16:39:22.871 Unity[34989:2266580] 0: AMD Radeon Pro 560 (high power)
2021-09-17 16:39:22.872 Unity[34989:2266580] 1: Intel(R) HD Graphics 630 (low power)
2021-09-17 16:39:22.875 Unity[34989:2266580] Using device AMD Radeon Pro 560 (high power)
Initializing Metal device caps: AMD Radeon Pro 560
Initialize mono
Mono path[0] = '/Applications/Unity/Unity.app/Contents/Managed'
Mono path[1] = '/Applications/Unity/Unity.app/Contents/MonoBleedingEdge/lib/mono/unityjit'
Mono config path = '/Applications/Unity/Unity.app/Contents/MonoBleedingEdge/etc'
Using monoOptions --debugger-agent=transport=dt_socket,embedding=1,server=y,suspend=n,address=127.0.0.1:56989
Begin MonoManager ReloadAssembly
Registering precompiled unity dll's ...
Register platform support module: /Applications/Unity/Unity.app/Contents/PlaybackEngines/MacStandaloneSupport/UnityEditor.OSXStandalone.Extensions.dll
Registered in 0.001920 seconds.
Native extension for OSXStandalone target not found
Refreshing native plugins compatible for Editor in 30.59 ms, found 2 plugins.
Preloading 0 native plugins for Editor in 0.00 ms.
Mono: successfully reloaded assembly
- Completed reload, in  2.277 seconds
Platform modules already initialized, skipping
Registering precompiled user dll's ...
Registered in 0.006115 seconds.
Begin MonoManager ReloadAssembly
Native extension for OSXStandalone target not found
Refreshing native plugins compatible for Editor in 0.34 ms, found 2 plugins.
Preloading 0 native plugins for Editor in 0.00 ms.
Mono: successfully reloaded assembly
- Completed reload, in  1.407 seconds
Platform modules already initialized, skipping
========================================================================
Worker process is ready to serve import requests
Launching external process: /Applications/Unity/Unity.app/Contents/Tools/UnityShaderCompiler
Launched and connected shader compiler UnityShaderCompiler after 0.02 seconds
Refreshing native plugins compatible for Editor in 0.32 ms, found 2 plugins.
Preloading 0 native plugins for Editor in 0.00 ms.
Unloading 1393 Unused Serialized files (Serialized files now loaded: 0)
System memory in use before: 134.1 MB.
System memory in use after: 134.2 MB.

Unloading 18 unused Assets to reduce memory usage. Loaded Objects now: 1826.
Total: 2.115015 ms (FindLiveObjects: 0.172123 ms CreateObjectMapping: 0.046941 ms MarkObjects: 1.790445 ms  DeleteObjects: 0.104524 ms)

AssetImportParameters requested are different than current active one (requested -> active):
  custom:video-decoder-ogg-theora: a1e56fd34408186e4bbccfd4996cb3dc -> 
  custom:container-muxer-webm: aa71ff27fc2769a1b78a27578f13a17b -> 
  custom:container-demuxer-webm: 4f35f7cbe854078d1ac9338744f61a02 -> 
  custom:container-demuxer-ogg: 62fdf1f143b41e24485cea50d1cbac27 -> 
  custom:video-encoder-webm-vp8: eb34c28f22e8b96e1ab97ce403110664 -> 
  custom:framework-osx-AVFoundation: e770b220cccbd017edd2c1fefb359320 -> 
  custom:video-decoder-webm-vp8: 9c59270c3fd7afecdb556c50c9e8de78 -> 
  custom:audio-decoder-ogg-vorbis: bf7c407c2cedff20999df2af8eb42d56 -> 
  custom:audio-encoder-webm-vorbis: bf7c407c2cedff20999df2af8eb42d56 -> 
========================================================================
Received Import Request.
  path: Assets/Icon-Store-1024.png
  artifactKey: Guid(19d5af1e04d044a5e8a26b9f683e6447) Importer(815301076,1909f56bfc062723c751e8b465ee728b)
Start importing Assets/Icon-Store-1024.png using Guid(19d5af1e04d044a5e8a26b9f683e6447) Importer(815301076,1909f56bfc062723c751e8b465ee728b)  -> (artifact id: '94d0fb7bc13e0ca378dfb42422f9b933') in 1.474658 seconds 
  Import took 1.477113 seconds .

========================================================================
Received Import Request.
  Time since last request: 0.008853 seconds.
  path: Assets/Icon-Store-1024.png
  artifactKey: Guid(19d5af1e04d044a5e8a26b9f683e6447) Importer(815301076,1909f56bfc062723c751e8b465ee728b)
Start importing Assets/Icon-Store-1024.png using Guid(19d5af1e04d044a5e8a26b9f683e6447) Importer(815301076,1909f56bfc062723c751e8b465ee728b)  -> (artifact id: '94d0fb7bc13e0ca378dfb42422f9b933') in 0.082090 seconds 
  Import took 0.084859 seconds .

